# JRE version: OpenJDK Runtime Environment Temurin-17.0.7+7 (17.0.7+7) (build 17.0.7+7)
# Java VM: OpenJDK 64-Bit Server VM Temurin-17.0.7+7 (17.0.7+7, mixed mode, emulated-client, tiered, compressed oops, compressed class ptrs, g1 gc, windows-amd64)
GC Precious Log:
 CPUs: 8 total, 8 available
 Memory: 16270M
 Large Page Support: Disabled
 NUMA Support: Disabled
 Compressed Oops: Enabled (32-bit)
 Heap Region Size: 1M
 Heap Min Capacity: 8M
 Heap Initial Capacity: 256M
 Heap Max Capacity: 1G
 Pre-touch: Disabled
 Parallel Workers: 8
 Concurrent Workers: 2
 Concurrent Refinement Workers: 8
 Periodic GC: Disabled
Heap:
 garbage-first heap   total 290816K, used 85902K [0x00000000c0000000, 0x0000000100000000)
  region size 1024K, 1 young (1024K), 0 survivors (0K)
 Metaspace       used 71826K, committed 72320K, reserved 1114112K
  class space    used 9887K, committed 10112K, reserved 1048576K
GC Heap History (20 events):
Event: 73067.873 GC heap before
{Heap before GC invocations=3396 (full 3309):
 garbage-first heap   total 290816K, used 85902K [0x00000000c0000000, 0x0000000100000000)
  region size 1024K, 1 young (1024K), 0 survivors (0K)
 Metaspace       used 71826K, committed 72320K, reserved 1114112K
  class space    used 9887K, committed 10112K, reserved 1048576K
}
Event: 73067.928 GC heap after
{Heap after GC invocations=3397 (full 3310):
 garbage-first heap   total 290816K, used 85902K [0x00000000c0000000, 0x0000000100000000)
  region size 1024K, 0 young (0K), 0 survivors (0K)
 Metaspace       used 71826K, committed 72320K, reserved 1114112K
  class space    used 9887K, committed 10112K, reserved 1048576K
}
Event: 73078.177 GC heap before
{Heap before GC invocations=3397 (full 3310):
 garbage-first heap   total 290816K, used 85902K [0x00000000c0000000, 0x0000000100000000)
  region size 1024K, 1 young (1024K), 0 survivors (0K)
 Metaspace       used 71826K, committed 72320K, reserved 1114112K
  class space    used 9887K, committed 10112K, reserved 1048576K
}
Event: 73078.239 GC heap after
{Heap after GC invocations=3398 (full 3311):
 garbage-first heap   total 290816K, used 85902K [0x00000000c0000000, 0x0000000100000000)
  region size 1024K, 0 young (0K), 0 survivors (0K)
 Metaspace       used 71826K, committed 72320K, reserved 1114112K
  class space    used 9887K, committed 10112K, reserved 1048576K
}
Event: 73088.467 GC heap before
{Heap before GC invocations=3398 (full 3311):
 garbage-first heap   total 290816K, used 85902K [0x00000000c0000000, 0x0000000100000000)
  region size 1024K, 1 young (1024K), 0 survivors (0K)
 Metaspace       used 71826K, committed 72320K, reserved 1114112K
  class space    used 9887K, committed 10112K, reserved 1048576K
}
Event: 73088.533 GC heap after
{Heap after GC invocations=3399 (full 3312):
 garbage-first heap   total 290816K, used 85902K [0x00000000c0000000, 0x0000000100000000)
  region size 1024K, 0 young (0K), 0 survivors (0K)
 Metaspace       used 71826K, committed 72320K, reserved 1114112K
  class space    used 9887K, committed 10112K, reserved 1048576K
}
Event: 73098.752 GC heap before
{Heap before GC invocations=3399 (full 3312):
 garbage-first heap   total 290816K, used 85902K [0x00000000c0000000, 0x0000000100000000)
  region size 1024K, 1 young (1024K), 0 survivors (0K)
 Metaspace       used 71826K, committed 72320K, reserved 1114112K
  class space    used 9887K, committed 10112K, reserved 1048576K
}
Event: 73098.824 GC heap after
{Heap after GC invocations=3400 (full 3313):
 garbage-first heap   total 290816K, used 85902K [0x00000000c0000000, 0x0000000100000000)
  region size 1024K, 0 young (0K), 0 survivors (0K)
 Metaspace       used 71826K, committed 72320K, reserved 1114112K
  class space    used 9887K, committed 10112K, reserved 1048576K
}
Event: 73109.048 GC heap before
{Heap before GC invocations=3400 (full 3313):
 garbage-first heap   total 290816K, used 85902K [0x00000000c0000000, 0x0000000100000000)
  region size 1024K, 1 young (1024K), 0 survivors (0K)
 Metaspace       used 71826K, committed 72320K, reserved 1114112K
  class space    used 9887K, committed 10112K, reserved 1048576K
}
Event: 73109.102 GC heap after
{Heap after GC invocations=3401 (full 3314):
 garbage-first heap   total 290816K, used 85902K [0x00000000c0000000, 0x0000000100000000)
  region size 1024K, 0 young (0K), 0 survivors (0K)
 Metaspace       used 71826K, committed 72320K, reserved 1114112K
  class space    used 9887K, committed 10112K, reserved 1048576K
}
Event: 73119.325 GC heap before
{Heap before GC invocations=3401 (full 3314):
 garbage-first heap   total 290816K, used 85902K [0x00000000c0000000, 0x0000000100000000)
  region size 1024K, 1 young (1024K), 0 survivors (0K)
 Metaspace       used 71826K, committed 72320K, reserved 1114112K
  class space    used 9887K, committed 10112K, reserved 1048576K
}
Event: 73119.399 GC heap after
{Heap after GC invocations=3402 (full 3315):
 garbage-first heap   total 290816K, used 85902K [0x00000000c0000000, 0x0000000100000000)
  region size 1024K, 0 young (0K), 0 survivors (0K)
 Metaspace       used 71826K, committed 72320K, reserved 1114112K
  class space    used 9887K, committed 10112K, reserved 1048576K
}
Event: 73129.603 GC heap before
{Heap before GC invocations=3402 (full 3315):
 garbage-first heap   total 290816K, used 85902K [0x00000000c0000000, 0x0000000100000000)
  region size 1024K, 1 young (1024K), 0 survivors (0K)
 Metaspace       used 71826K, committed 72320K, reserved 1114112K
  class space    used 9887K, committed 10112K, reserved 1048576K
}
Event: 73129.662 GC heap after
{Heap after GC invocations=3403 (full 3316):
 garbage-first heap   total 290816K, used 85902K [0x00000000c0000000, 0x0000000100000000)
  region size 1024K, 0 young (0K), 0 survivors (0K)
 Metaspace       used 71826K, committed 72320K, reserved 1114112K
  class space    used 9887K, committed 10112K, reserved 1048576K
}
Event: 73139.864 GC heap before
{Heap before GC invocations=3403 (full 3316):
 garbage-first heap   total 290816K, used 85902K [0x00000000c0000000, 0x0000000100000000)
  region size 1024K, 1 young (1024K), 0 survivors (0K)
 Metaspace       used 71826K, committed 72320K, reserved 1114112K
  class space    used 9887K, committed 10112K, reserved 1048576K
}
Event: 73139.931 GC heap after
{Heap after GC invocations=3404 (full 3317):
 garbage-first heap   total 290816K, used 85902K [0x00000000c0000000, 0x0000000100000000)
  region size 1024K, 0 young (0K), 0 survivors (0K)
 Metaspace       used 71826K, committed 72320K, reserved 1114112K
  class space    used 9887K, committed 10112K, reserved 1048576K
}
Event: 73150.183 GC heap before
{Heap before GC invocations=3404 (full 3317):
 garbage-first heap   total 290816K, used 85902K [0x00000000c0000000, 0x0000000100000000)
  region size 1024K, 1 young (1024K), 0 survivors (0K)
 Metaspace       used 71826K, committed 72320K, reserved 1114112K
  class space    used 9887K, committed 10112K, reserved 1048576K
}
Event: 73150.239 GC heap after
{Heap after GC invocations=3405 (full 3318):
 garbage-first heap   total 290816K, used 85902K [0x00000000c0000000, 0x0000000100000000)
  region size 1024K, 0 young (0K), 0 survivors (0K)
 Metaspace       used 71826K, committed 72320K, reserved 1114112K
  class space    used 9887K, committed 10112K, reserved 1048576K
}
Event: 73160.470 GC heap before
{Heap before GC invocations=3405 (full 3318):
 garbage-first heap   total 290816K, used 85902K [0x00000000c0000000, 0x0000000100000000)
  region size 1024K, 1 young (1024K), 0 survivors (0K)
 Metaspace       used 71826K, committed 72320K, reserved 1114112K
  class space    used 9887K, committed 10112K, reserved 1048576K
}
Event: 73160.530 GC heap after
{Heap after GC invocations=3406 (full 3319):
 garbage-first heap   total 290816K, used 85902K [0x00000000c0000000, 0x0000000100000000)
  region size 1024K, 0 young (0K), 0 survivors (0K)
 Metaspace       used 71826K, committed 72320K, reserved 1114112K
  class space    used 9887K, committed 10112K, reserved 1048576K
}

