# JRE version: OpenJDK Runtime Environment Temurin-17.0.7+7 (17.0.7+7) (build 17.0.7+7)
# Java VM: OpenJDK 64-Bit Server VM Temurin-17.0.7+7 (17.0.7+7, mixed mode, emulated-client, tiered, compressed oops, compressed class ptrs, g1 gc, windows-amd64)
GC Precious Log:
 CPUs: 8 total, 8 available
 Memory: 16270M
 Large Page Support: Disabled
 NUMA Support: Disabled
 Compressed Oops: Enabled (32-bit)
 Heap Region Size: 1M
 Heap Min Capacity: 8M
 Heap Initial Capacity: 256M
 Heap Max Capacity: 1G
 Pre-touch: Disabled
 Parallel Workers: 8
 Concurrent Workers: 2
 Concurrent Refinement Workers: 8
 Periodic GC: Disabled
Heap:
 garbage-first heap   total 263168K, used 92735K [0x00000000c0000000, 0x0000000100000000)
  region size 1024K, 1 young (1024K), 0 survivors (0K)
 Metaspace       used 71972K, committed 72512K, reserved 1114112K
  class space    used 9902K, committed 10112K, reserved 1048576K
GC Heap History (20 events):
Event: 6848.109 GC heap before
{Heap before GC invocations=557 (full 423):
 garbage-first heap   total 263168K, used 92735K [0x00000000c0000000, 0x0000000100000000)
  region size 1024K, 1 young (1024K), 0 survivors (0K)
 Metaspace       used 71972K, committed 72512K, reserved 1114112K
  class space    used 9902K, committed 10112K, reserved 1048576K
}
Event: 6848.232 GC heap after
{Heap after GC invocations=558 (full 424):
 garbage-first heap   total 263168K, used 92735K [0x00000000c0000000, 0x0000000100000000)
  region size 1024K, 0 young (0K), 0 survivors (0K)
 Metaspace       used 71972K, committed 72512K, reserved 1114112K
  class space    used 9902K, committed 10112K, reserved 1048576K
}
Event: 6858.497 GC heap before
{Heap before GC invocations=558 (full 424):
 garbage-first heap   total 263168K, used 92735K [0x00000000c0000000, 0x0000000100000000)
  region size 1024K, 1 young (1024K), 0 survivors (0K)
 Metaspace       used 71972K, committed 72512K, reserved 1114112K
  class space    used 9902K, committed 10112K, reserved 1048576K
}
Event: 6858.603 GC heap after
{Heap after GC invocations=559 (full 425):
 garbage-first heap   total 263168K, used 92735K [0x00000000c0000000, 0x0000000100000000)
  region size 1024K, 0 young (0K), 0 survivors (0K)
 Metaspace       used 71972K, committed 72512K, reserved 1114112K
  class space    used 9902K, committed 10112K, reserved 1048576K
}
Event: 6868.862 GC heap before
{Heap before GC invocations=559 (full 425):
 garbage-first heap   total 263168K, used 92735K [0x00000000c0000000, 0x0000000100000000)
  region size 1024K, 1 young (1024K), 0 survivors (0K)
 Metaspace       used 71972K, committed 72512K, reserved 1114112K
  class space    used 9902K, committed 10112K, reserved 1048576K
}
Event: 6868.971 GC heap after
{Heap after GC invocations=560 (full 426):
 garbage-first heap   total 263168K, used 92735K [0x00000000c0000000, 0x0000000100000000)
  region size 1024K, 0 young (0K), 0 survivors (0K)
 Metaspace       used 71972K, committed 72512K, reserved 1114112K
  class space    used 9902K, committed 10112K, reserved 1048576K
}
Event: 6879.240 GC heap before
{Heap before GC invocations=560 (full 426):
 garbage-first heap   total 263168K, used 92735K [0x00000000c0000000, 0x0000000100000000)
  region size 1024K, 1 young (1024K), 0 survivors (0K)
 Metaspace       used 71972K, committed 72512K, reserved 1114112K
  class space    used 9902K, committed 10112K, reserved 1048576K
}
Event: 6879.349 GC heap after
{Heap after GC invocations=561 (full 427):
 garbage-first heap   total 263168K, used 92735K [0x00000000c0000000, 0x0000000100000000)
  region size 1024K, 0 young (0K), 0 survivors (0K)
 Metaspace       used 71972K, committed 72512K, reserved 1114112K
  class space    used 9902K, committed 10112K, reserved 1048576K
}
Event: 6889.598 GC heap before
{Heap before GC invocations=561 (full 427):
 garbage-first heap   total 263168K, used 92735K [0x00000000c0000000, 0x0000000100000000)
  region size 1024K, 1 young (1024K), 0 survivors (0K)
 Metaspace       used 71972K, committed 72512K, reserved 1114112K
  class space    used 9902K, committed 10112K, reserved 1048576K
}
Event: 6889.707 GC heap after
{Heap after GC invocations=562 (full 428):
 garbage-first heap   total 263168K, used 92735K [0x00000000c0000000, 0x0000000100000000)
  region size 1024K, 0 young (0K), 0 survivors (0K)
 Metaspace       used 71972K, committed 72512K, reserved 1114112K
  class space    used 9902K, committed 10112K, reserved 1048576K
}
Event: 6899.968 GC heap before
{Heap before GC invocations=562 (full 428):
 garbage-first heap   total 263168K, used 92735K [0x00000000c0000000, 0x0000000100000000)
  region size 1024K, 1 young (1024K), 0 survivors (0K)
 Metaspace       used 71972K, committed 72512K, reserved 1114112K
  class space    used 9902K, committed 10112K, reserved 1048576K
}
Event: 6900.077 GC heap after
{Heap after GC invocations=563 (full 429):
 garbage-first heap   total 263168K, used 92735K [0x00000000c0000000, 0x0000000100000000)
  region size 1024K, 0 young (0K), 0 survivors (0K)
 Metaspace       used 71972K, committed 72512K, reserved 1114112K
  class space    used 9902K, committed 10112K, reserved 1048576K
}
Event: 6910.356 GC heap before
{Heap before GC invocations=563 (full 429):
 garbage-first heap   total 263168K, used 92735K [0x00000000c0000000, 0x0000000100000000)
  region size 1024K, 1 young (1024K), 0 survivors (0K)
 Metaspace       used 71972K, committed 72512K, reserved 1114112K
  class space    used 9902K, committed 10112K, reserved 1048576K
}
Event: 6910.462 GC heap after
{Heap after GC invocations=564 (full 430):
 garbage-first heap   total 263168K, used 92735K [0x00000000c0000000, 0x0000000100000000)
  region size 1024K, 0 young (0K), 0 survivors (0K)
 Metaspace       used 71972K, committed 72512K, reserved 1114112K
  class space    used 9902K, committed 10112K, reserved 1048576K
}
Event: 6920.752 GC heap before
{Heap before GC invocations=564 (full 430):
 garbage-first heap   total 263168K, used 92735K [0x00000000c0000000, 0x0000000100000000)
  region size 1024K, 1 young (1024K), 0 survivors (0K)
 Metaspace       used 71972K, committed 72512K, reserved 1114112K
  class space    used 9902K, committed 10112K, reserved 1048576K
}
Event: 6920.861 GC heap after
{Heap after GC invocations=565 (full 431):
 garbage-first heap   total 263168K, used 92735K [0x00000000c0000000, 0x0000000100000000)
  region size 1024K, 0 young (0K), 0 survivors (0K)
 Metaspace       used 71972K, committed 72512K, reserved 1114112K
  class space    used 9902K, committed 10112K, reserved 1048576K
}
Event: 6931.114 GC heap before
{Heap before GC invocations=565 (full 431):
 garbage-first heap   total 263168K, used 92735K [0x00000000c0000000, 0x0000000100000000)
  region size 1024K, 1 young (1024K), 0 survivors (0K)
 Metaspace       used 71972K, committed 72512K, reserved 1114112K
  class space    used 9902K, committed 10112K, reserved 1048576K
}
Event: 6931.216 GC heap after
{Heap after GC invocations=566 (full 432):
 garbage-first heap   total 263168K, used 92735K [0x00000000c0000000, 0x0000000100000000)
  region size 1024K, 0 young (0K), 0 survivors (0K)
 Metaspace       used 71972K, committed 72512K, reserved 1114112K
  class space    used 9902K, committed 10112K, reserved 1048576K
}
Event: 6941.491 GC heap before
{Heap before GC invocations=566 (full 432):
 garbage-first heap   total 263168K, used 92735K [0x00000000c0000000, 0x0000000100000000)
  region size 1024K, 1 young (1024K), 0 survivors (0K)
 Metaspace       used 71972K, committed 72512K, reserved 1114112K
  class space    used 9902K, committed 10112K, reserved 1048576K
}
Event: 6941.600 GC heap after
{Heap after GC invocations=567 (full 433):
 garbage-first heap   total 263168K, used 92735K [0x00000000c0000000, 0x0000000100000000)
  region size 1024K, 0 young (0K), 0 survivors (0K)
 Metaspace       used 71972K, committed 72512K, reserved 1114112K
  class space    used 9902K, committed 10112K, reserved 1048576K
}

